2023-10-04 17:00:01.151 | INFO     | generate_excel_file_gw:analysis:117 - File was uploaded successfully Please wait 26.2 minutes while processing data
2023-10-04 17:14:56.033 | INFO     | generate_excel_file_gw:analysis:249 - File is created at /home/smartiam/PycharmProjects/Schedule-email-for-gateway/download/gw_analysis_info_2023-10-04.xlsx
2023-10-04 17:15:01.037 | INFO     | email_service:send_mail:11 - Email writing work in progress..!
2023-10-04 17:15:06.161 | INFO     | email_service:send_mail:50 - Email sent successfully
2023-10-04 20:01:17.403 | INFO     | generate_excel_file_gw:analysis:117 - File was uploaded successfully Please wait 1.2 minutes while processing data
2023-10-04 20:02:16.762 | ERROR    | generate_excel_file_gw:analysis:285 - local variable 'color_flag' referenced before assignment
2023-10-04 20:02:16.762 | ERROR    | generate_excel_file_gw:analysis:286 - UNSUCCESSFUL
2023-10-04 20:03:02.284 | INFO     | generate_excel_file_gw:analysis:117 - File was uploaded successfully Please wait 1.2 minutes while processing data
2023-10-04 20:04:01.818 | INFO     | generate_excel_file_gw:analysis:284 - File is created at /home/smartiam/PycharmProjects/Schedule-email-for-gateway/download/gw_analysis_info_2023-10-04.xlsx
2023-10-04 20:05:57.932 | INFO     | generate_excel_file_gw:analysis:117 - File was uploaded successfully Please wait 1.2 minutes while processing data
2023-10-04 20:06:56.750 | INFO     | generate_excel_file_gw:analysis:284 - File is created at /home/smartiam/PycharmProjects/Schedule-email-for-gateway/download/gw_analysis_info_2023-10-04.xlsx
2023-10-05 09:00:02.094 | INFO     | generate_excel_file_gw:analysis:117 - File was uploaded successfully Please wait 26.2 minutes while processing data
2023-10-05 09:13:33.976 | INFO     | generate_excel_file_gw:analysis:284 - File is created at /home/smartiam/PycharmProjects/Schedule-email-for-gateway/download/gw_analysis_info_2023-10-05.xlsx
2023-10-05 09:13:38.981 | INFO     | email_service:send_mail:11 - Email writing work in progress..!
2023-10-05 09:15:49.596 | ERROR    | email_service:send_mail:56 - Error:
2023-10-05 09:38:14.743 | INFO     | email_service:send_mail:11 - Email writing work in progress..!
2023-10-05 09:39:51.398 | INFO     | email_service:send_mail:11 - Email writing work in progress..!
2023-10-05 09:39:57.008 | INFO     | email_service:send_mail:50 - Email sent successfully
2023-10-06 09:00:01.467 | INFO     | generate_excel_file_gw:analysis:117 - File was uploaded successfully Please wait 26.2 minutes while processing data
2023-10-06 09:13:33.301 | INFO     | generate_excel_file_gw:analysis:284 - File is created at /home/smartiam/PycharmProjects/Schedule-email-for-gateway/download/gw_analysis_info_2023-10-06.xlsx
2023-10-06 09:13:38.307 | INFO     | email_service:send_mail:11 - Email writing work in progress..!
2023-10-06 09:13:42.989 | INFO     | email_service:send_mail:50 - Email sent successfully
2023-10-07 09:00:02.086 | INFO     | generate_excel_file_gw:analysis:117 - File was uploaded successfully Please wait 26.2 minutes while processing data
2023-10-07 09:13:57.387 | INFO     | generate_excel_file_gw:analysis:284 - File is created at /home/smartiam/PycharmProjects/Schedule-email-for-gateway/download/gw_analysis_info_2023-10-07.xlsx
2023-10-07 09:14:02.392 | INFO     | email_service:send_mail:11 - Email writing work in progress..!
2023-10-07 09:14:07.811 | INFO     | email_service:send_mail:50 - Email sent successfully
2023-10-07 12:57:23.303 | INFO     | generate_excel_file_gw:analysis:117 - File was uploaded successfully Please wait 0.2 minutes while processing data
2023-10-07 13:05:22.101 | INFO     | generate_excel_file_gw:analysis:117 - File was uploaded successfully Please wait 0.2 minutes while processing data
2023-10-07 13:09:50.547 | INFO     | generate_excel_file_gw:analysis:117 - File was uploaded successfully Please wait 0.4 minutes while processing data
2023-10-07 13:10:12.228 | INFO     | generate_excel_file_gw:analysis:288 - File is created at /home/smartiam/PycharmProjects/Schedule-email-for-gateway/download/gw_analysis_info_2023-10-07.xlsx
2023-10-07 13:10:40.133 | INFO     | generate_excel_file_gw:analysis:117 - File was uploaded successfully Please wait 0.4 minutes while processing data
2023-10-07 13:11:55.603 | INFO     | generate_excel_file_gw:analysis:117 - File was uploaded successfully Please wait 0.4 minutes while processing data
2023-10-07 13:13:13.322 | INFO     | generate_excel_file_gw:analysis:117 - File was uploaded successfully Please wait 0.4 minutes while processing data
2023-10-07 13:13:27.517 | ERROR    | generate_excel_file_gw:analysis:292 - local variable 'e' referenced before assignment
2023-10-07 13:13:35.281 | ERROR    | generate_excel_file_gw:analysis:293 - UNSUCCESSFUL
2023-10-07 13:20:26.043 | INFO     | generate_excel_file_gw:analysis:117 - File was uploaded successfully Please wait 0.4 minutes while processing data
2023-10-07 13:21:59.416 | INFO     | generate_excel_file_gw:analysis:300 - File is created at /home/smartiam/PycharmProjects/Schedule-email-for-gateway/download/gw_analysis_info_2023-10-07.xlsx
2023-10-07 13:23:58.326 | INFO     | generate_excel_file_gw:analysis:117 - File was uploaded successfully Please wait 0.4 minutes while processing data
2023-10-07 13:24:02.378 | INFO     | generate_excel_file_gw:analysis:300 - File is created at /home/smartiam/PycharmProjects/Schedule-email-for-gateway/download/gw_analysis_info_2023-10-07.xlsx
2023-10-07 13:25:09.992 | INFO     | generate_excel_file_gw:analysis:117 - File was uploaded successfully Please wait 26.2 minutes while processing data
2023-10-07 13:40:25.703 | INFO     | generate_excel_file_gw:analysis:300 - File is created at /home/smartiam/PycharmProjects/Schedule-email-for-gateway/download/gw_analysis_info_2023-10-07.xlsx
2023-10-08 09:00:01.927 | INFO     | generate_excel_file_gw:analysis:117 - File was uploaded successfully Please wait 26.2 minutes while processing data
2023-10-08 09:14:02.847 | INFO     | generate_excel_file_gw:analysis:300 - File is created at /home/smartiam/PycharmProjects/Schedule-email-for-gateway/download/gw_analysis_info_2023-10-08.xlsx
2023-10-08 09:14:07.853 | INFO     | email_service:send_mail:11 - Email writing work in progress..!
2023-10-08 09:16:19.292 | ERROR    | email_service:send_mail:56 - Error:
2023-10-09 09:00:01.187 | INFO     | generate_excel_file_gw:analysis:117 - File was uploaded successfully Please wait 26.2 minutes while processing data
2023-10-09 09:13:42.127 | INFO     | generate_excel_file_gw:analysis:300 - File is created at /home/smartiam/PycharmProjects/Schedule-email-for-gateway/download/gw_analysis_info_2023-10-09.xlsx
2023-10-09 09:13:47.132 | INFO     | email_service:send_mail:11 - Email writing work in progress..!
2023-10-09 09:15:57.788 | ERROR    | email_service:send_mail:56 - Error:
2023-10-09 09:46:13.309 | INFO     | email_service:send_mail:11 - Email writing work in progress..!
2023-10-09 09:46:13.840 | ERROR    | email_service:send_mail:56 - Error:
2023-10-09 09:46:33.173 | INFO     | email_service:send_mail:11 - Email writing work in progress..!
2023-10-09 09:46:49.634 | INFO     | email_service:send_mail:50 - Email sent successfully
2023-10-10 09:00:01.451 | INFO     | generate_excel_file_gw:analysis:117 - File was uploaded successfully Please wait 26.2 minutes while processing data
2023-10-10 09:12:31.934 | INFO     | generate_excel_file_gw:analysis:300 - File is created at /home/smartiam/PycharmProjects/Schedule-email-for-gateway/download/gw_analysis_info_2023-10-10.xlsx
2023-10-10 09:12:36.936 | INFO     | email_service:send_mail:11 - Email writing work in progress..!
2023-10-10 09:12:42.234 | INFO     | email_service:send_mail:50 - Email sent successfully
2023-10-10 09:49:41.297 | INFO     | generate_excel_file_gw:analysis:117 - File was uploaded successfully Please wait 1.0 minutes while processing data
2023-10-10 09:50:27.199 | INFO     | generate_excel_file_gw:analysis:293 - File is created at /home/smartiam/PycharmProjects/Schedule-email-for-gateway/download/gw_analysis_info_2023-10-10.xlsx
2023-10-10 09:52:11.840 | INFO     | generate_excel_file_gw:analysis:117 - File was uploaded successfully Please wait 26.0 minutes while processing data
2023-10-10 10:04:52.958 | INFO     | generate_excel_file_gw:analysis:293 - File is created at /home/smartiam/PycharmProjects/Schedule-email-for-gateway/download/gw_analysis_info_2023-10-10.xlsx
2023-10-10 10:04:57.964 | INFO     | email_service:send_mail:11 - Email writing work in progress..!
2023-10-10 10:05:22.016 | INFO     | email_service:send_mail:50 - Email sent successfully
2023-10-11 09:00:02.171 | INFO     | generate_excel_file_gw:analysis:117 - File was uploaded successfully Please wait 26.0 minutes while processing data
2023-10-11 09:12:25.227 | INFO     | generate_excel_file_gw:analysis:293 - File is created at /home/smartiam/PycharmProjects/Schedule-email-for-gateway/download/gw_analysis_info_2023-10-11.xlsx
2023-10-11 09:12:30.232 | INFO     | email_service:send_mail:11 - Email writing work in progress..!
2023-10-11 09:12:35.619 | INFO     | email_service:send_mail:50 - Email sent successfully
2023-10-12 09:00:01.546 | INFO     | generate_excel_file_gw:analysis:117 - File was uploaded successfully Please wait 26.0 minutes while processing data
2023-10-12 09:11:50.620 | INFO     | generate_excel_file_gw:analysis:293 - File is created at /home/smartiam/PycharmProjects/Schedule-email-for-gateway/download/gw_analysis_info_2023-10-12.xlsx
2023-10-12 09:11:55.624 | INFO     | email_service:send_mail:11 - Email writing work in progress..!
2023-10-12 09:11:59.976 | INFO     | email_service:send_mail:50 - Email sent successfully
2023-10-13 09:00:01.896 | INFO     | generate_excel_file_gw:analysis:117 - File was uploaded successfully Please wait 26.0 minutes while processing data
2023-10-13 09:11:55.248 | INFO     | generate_excel_file_gw:analysis:293 - File is created at /home/smartiam/PycharmProjects/Schedule-email-for-gateway/download/gw_analysis_info_2023-10-13.xlsx
2023-10-13 09:12:00.252 | INFO     | email_service:send_mail:11 - Email writing work in progress..!
2023-10-13 09:12:07.553 | INFO     | email_service:send_mail:50 - Email sent successfully
2023-10-16 09:42:29.369 | INFO     | generate_excel_file_gw:analysis:117 - File was uploaded successfully Please wait 26.0 minutes while processing data
2023-10-16 09:56:41.647 | INFO     | generate_excel_file_gw:analysis:293 - File is created at /home/smartiam/PycharmProjects/Schedule-email-for-gateway/download/gw_analysis_info_2023-10-16.xlsx
2023-10-16 09:56:46.652 | INFO     | email_service:send_mail:11 - Email writing work in progress..!
2023-10-16 09:56:52.910 | INFO     | email_service:send_mail:50 - Email sent successfully
2023-10-17 09:00:02.006 | INFO     | generate_excel_file_gw:analysis:117 - File was uploaded successfully Please wait 26.0 minutes while processing data
2023-10-17 09:45:22.158 | INFO     | generate_excel_file_gw:analysis:117 - File was uploaded successfully Please wait 26.0 minutes while processing data
2023-10-17 09:58:41.420 | INFO     | generate_excel_file_gw:analysis:293 - File is created at /home/smartiam/PycharmProjects/Schedule-email-for-gateway/download/gw_analysis_info_2023-10-17.xlsx
2023-10-17 09:58:46.425 | INFO     | email_service:send_mail:11 - Email writing work in progress..!
2023-10-17 09:58:50.861 | INFO     | email_service:send_mail:50 - Email sent successfully
2023-10-18 09:00:01.610 | INFO     | generate_excel_file_gw:analysis:117 - File was uploaded successfully Please wait 26.0 minutes while processing data
2023-10-18 09:14:34.141 | INFO     | generate_excel_file_gw:analysis:293 - File is created at /home/smartiam/PycharmProjects/Schedule-email-for-gateway/download/gw_analysis_info_2023-10-18.xlsx
2023-10-18 09:14:39.147 | INFO     | email_service:send_mail:11 - Email writing work in progress..!
2023-10-18 09:14:44.575 | INFO     | email_service:send_mail:50 - Email sent successfully
2023-10-19 09:30:01.471 | INFO     | generate_excel_file_gw:analysis:117 - File was uploaded successfully Please wait 26.0 minutes while processing data
2023-10-19 09:41:44.797 | INFO     | generate_excel_file_gw:analysis:293 - File is created at /home/smartiam/PycharmProjects/Schedule-email-for-gateway/download/gw_analysis_info_2023-10-19.xlsx
2023-10-19 09:41:49.802 | INFO     | email_service:send_mail:11 - Email writing work in progress..!
2023-10-19 09:41:55.747 | INFO     | email_service:send_mail:50 - Email sent successfully
2023-10-19 10:42:23.742 | INFO     | generate_excel_file_gw:analysis:117 - File was uploaded successfully Please wait 26.2 minutes while processing data
2023-10-19 10:49:15.742 | INFO     | generate_excel_file_gw:analysis:118 - File was uploaded successfully Please wait 0.2 minutes while processing data
2023-10-19 10:49:17.179 | INFO     | generate_excel_file_gw:analysis:302 - File is created at /home/smartiam/PycharmProjects/Schedule-email-for-gateway/download/gw_analysis_info_2023-10-19.xlsx
2023-10-19 10:50:29.387 | INFO     | generate_excel_file_gw:analysis:118 - File was uploaded successfully Please wait 0.2 minutes while processing data
2023-10-19 10:50:31.195 | INFO     | generate_excel_file_gw:analysis:302 - File is created at /home/smartiam/PycharmProjects/Schedule-email-for-gateway/download/gw_analysis_info_2023-10-19.xlsx
2023-10-19 10:51:46.984 | INFO     | generate_excel_file_gw:analysis:117 - File was uploaded successfully Please wait 0.2 minutes while processing data
2023-10-19 10:51:48.851 | INFO     | generate_excel_file_gw:analysis:301 - File is created at /home/smartiam/PycharmProjects/Schedule-email-for-gateway/download/gw_analysis_info_2023-10-19.xlsx
2023-10-19 10:52:37.969 | INFO     | generate_excel_file_gw:analysis:117 - File was uploaded successfully Please wait 26.0 minutes while processing data
2023-10-19 11:05:36.675 | INFO     | generate_excel_file_gw:analysis:301 - File is created at /home/smartiam/PycharmProjects/Schedule-email-for-gateway/download/gw_analysis_info_2023-10-19.xlsx
2023-10-19 11:10:44.571 | INFO     | email_service:send_mail:11 - Email writing work in progress..!
2023-10-19 11:10:48.079 | INFO     | email_service:send_mail:50 - Email sent successfully
2023-10-20 09:30:01.627 | INFO     | generate_excel_file_gw:analysis:117 - File was uploaded successfully Please wait 26.0 minutes while processing data
2023-10-20 09:41:58.851 | INFO     | generate_excel_file_gw:analysis:301 - File is created at /home/smartiam/PycharmProjects/Schedule-email-for-gateway/download/gw_analysis_info_2023-10-20.xlsx
2023-10-20 09:42:03.852 | INFO     | email_service:send_mail:11 - Email writing work in progress..!
2023-10-20 09:42:11.930 | INFO     | email_service:send_mail:50 - Email sent successfully
2023-10-20 13:36:33.614 | INFO     | generate_excel_file_gw:analysis:117 - File was uploaded successfully Please wait 26.0 minutes while processing data
2023-10-20 13:49:30.713 | INFO     | generate_excel_file_gw:analysis:301 - File is created at /home/smartiam/PycharmProjects/Schedule-email-for-gateway/download/gw_analysis_info_2023-10-20.xlsx
2023-10-21 09:30:01.876 | INFO     | generate_excel_file_gw:analysis:117 - File was uploaded successfully Please wait 26.0 minutes while processing data
2023-10-21 09:41:59.920 | INFO     | generate_excel_file_gw:analysis:301 - File is created at /home/smartiam/PycharmProjects/Schedule-email-for-gateway/download/gw_analysis_info_2023-10-21.xlsx
2023-10-21 10:01:52.936 | INFO     | email_service:send_mail:11 - Email writing work in progress..!
2023-10-21 10:01:58.232 | INFO     | email_service:send_mail:50 - Email sent successfully
2023-10-22 09:30:01.675 | INFO     | generate_excel_file_gw:analysis:117 - File was uploaded successfully Please wait 26.0 minutes while processing data
2023-10-22 09:41:09.244 | INFO     | generate_excel_file_gw:analysis:301 - File is created at /home/smartiam/PycharmProjects/Schedule-email-for-gateway/download/gw_analysis_info_2023-10-22.xlsx
2023-10-22 09:41:14.248 | INFO     | email_service:send_mail:11 - Email writing work in progress..!
2023-10-22 09:41:15.375 | ERROR    | email_service:send_mail:56 - Error:
2023-10-23 09:30:02.106 | INFO     | generate_excel_file_gw:analysis:117 - File was uploaded successfully Please wait 26.0 minutes while processing data
2023-10-23 09:41:57.710 | INFO     | generate_excel_file_gw:analysis:301 - File is created at /home/smartiam/PycharmProjects/Schedule-email-for-gateway/download/gw_analysis_info_2023-10-23.xlsx
2023-10-23 09:42:02.715 | INFO     | email_service:send_mail:11 - Email writing work in progress..!
2023-10-23 09:42:08.821 | INFO     | email_service:send_mail:50 - Email sent successfully
2023-10-24 09:30:01.276 | INFO     | generate_excel_file_gw:analysis:117 - File was uploaded successfully Please wait 26.0 minutes while processing data
2023-10-24 09:41:02.940 | INFO     | generate_excel_file_gw:analysis:301 - File is created at /home/smartiam/PycharmProjects/Schedule-email-for-gateway/download/gw_analysis_info_2023-10-24.xlsx
2023-10-24 09:41:07.945 | INFO     | email_service:send_mail:11 - Email writing work in progress..!
2023-10-24 09:41:13.858 | INFO     | email_service:send_mail:50 - Email sent successfully
2023-10-25 09:30:01.328 | INFO     | generate_excel_file_gw:analysis:117 - File was uploaded successfully Please wait 26.0 minutes while processing data
2023-10-25 09:40:59.443 | INFO     | generate_excel_file_gw:analysis:301 - File is created at /home/smartiam/PycharmProjects/Schedule-email-for-gateway/download/gw_analysis_info_2023-10-25.xlsx
2023-10-25 09:41:04.449 | INFO     | email_service:send_mail:11 - Email writing work in progress..!
2023-10-25 09:41:13.156 | INFO     | email_service:send_mail:50 - Email sent successfully
2023-10-26 09:30:01.705 | INFO     | generate_excel_file_gw:analysis:117 - File was uploaded successfully Please wait 26.0 minutes while processing data
2023-10-26 09:41:12.053 | INFO     | generate_excel_file_gw:analysis:301 - File is created at /home/smartiam/PycharmProjects/Schedule-email-for-gateway/download/gw_analysis_info_2023-10-26.xlsx
2023-10-26 09:41:17.058 | INFO     | email_service:send_mail:11 - Email writing work in progress..!
2023-10-26 09:43:27.336 | ERROR    | email_service:send_mail:56 - Error:
2023-10-26 10:30:38.801 | INFO     | email_service:send_mail:11 - Email writing work in progress..!
2023-10-26 10:30:45.604 | INFO     | email_service:send_mail:50 - Email sent successfully
2023-10-27 09:30:01.139 | INFO     | generate_excel_file_gw:analysis:117 - File was uploaded successfully Please wait 26.0 minutes while processing data
2023-10-27 09:41:30.790 | INFO     | generate_excel_file_gw:analysis:301 - File is created at /home/smartiam/PycharmProjects/Schedule-email-for-gateway/download/gw_analysis_info_2023-10-27.xlsx
2023-10-27 09:41:35.795 | INFO     | email_service:send_mail:11 - Email writing work in progress..!
2023-10-27 09:41:41.599 | INFO     | email_service:send_mail:50 - Email sent successfully
2023-10-28 09:30:02.018 | INFO     | generate_excel_file_gw:analysis:117 - File was uploaded successfully Please wait 26.0 minutes while processing data
2023-10-28 09:41:45.283 | INFO     | generate_excel_file_gw:analysis:301 - File is created at /home/smartiam/PycharmProjects/Schedule-email-for-gateway/download/gw_analysis_info_2023-10-28.xlsx
2023-10-28 09:41:50.288 | INFO     | email_service:send_mail:11 - Email writing work in progress..!
2023-10-28 09:41:56.679 | INFO     | email_service:send_mail:50 - Email sent successfully
2023-10-29 09:30:02.076 | INFO     | generate_excel_file_gw:analysis:117 - File was uploaded successfully Please wait 26.0 minutes while processing data
2023-10-29 09:41:30.488 | INFO     | generate_excel_file_gw:analysis:301 - File is created at /home/smartiam/PycharmProjects/Schedule-email-for-gateway/download/gw_analysis_info_2023-10-29.xlsx
2023-10-29 09:41:35.493 | INFO     | email_service:send_mail:11 - Email writing work in progress..!
2023-10-29 09:41:41.885 | INFO     | email_service:send_mail:50 - Email sent successfully
2023-10-30 09:30:01.355 | INFO     | generate_excel_file_gw:analysis:117 - File was uploaded successfully Please wait 26.0 minutes while processing data
2023-10-30 09:41:44.841 | INFO     | generate_excel_file_gw:analysis:301 - File is created at /home/smartiam/PycharmProjects/Schedule-email-for-gateway/download/gw_analysis_info_2023-10-30.xlsx
2023-10-30 09:41:49.846 | INFO     | email_service:send_mail:11 - Email writing work in progress..!
2023-10-30 09:41:55.459 | INFO     | email_service:send_mail:50 - Email sent successfully
2023-10-31 09:30:01.942 | INFO     | generate_excel_file_gw:analysis:117 - File was uploaded successfully Please wait 26.0 minutes while processing data
2023-10-31 09:41:46.667 | INFO     | generate_excel_file_gw:analysis:301 - File is created at /home/smartiam/PycharmProjects/Schedule-email-for-gateway/download/gw_analysis_info_2023-10-31.xlsx
2023-10-31 09:41:51.673 | INFO     | email_service:send_mail:11 - Email writing work in progress..!
2023-10-31 09:41:58.210 | INFO     | email_service:send_mail:50 - Email sent successfully
2023-11-01 09:30:01.699 | INFO     | generate_excel_file_gw:analysis:117 - File was uploaded successfully Please wait 26.0 minutes while processing data
2023-11-01 09:43:45.307 | INFO     | generate_excel_file_gw:analysis:301 - File is created at /home/smartiam/PycharmProjects/Schedule-email-for-gateway/download/gw_analysis_info_2023-11-01.xlsx
2023-11-01 09:43:50.312 | INFO     | email_service:send_mail:11 - Email writing work in progress..!
2023-11-01 09:43:57.232 | INFO     | email_service:send_mail:50 - Email sent successfully
2023-11-02 09:30:01.716 | INFO     | generate_excel_file_gw:analysis:117 - File was uploaded successfully Please wait 26.0 minutes while processing data
2023-11-02 09:43:21.341 | INFO     | generate_excel_file_gw:analysis:301 - File is created at /home/smartiam/PycharmProjects/Schedule-email-for-gateway/download/gw_analysis_info_2023-11-02.xlsx
2023-11-02 09:43:26.344 | INFO     | email_service:send_mail:11 - Email writing work in progress..!
2023-11-02 09:43:32.800 | INFO     | email_service:send_mail:50 - Email sent successfully
2023-11-02 10:55:11.935 | INFO     | historic_generate_excel_file_gw:historic_analysis:66 - File was uploaded successfully Please wait 0.4 minutes while processing data
2023-11-02 10:55:31.904 | INFO     | historic_generate_excel_file_gw:historic_analysis:263 - File is created at /home/smartiam/PycharmProjects/Schedule-email-for-gateway/historic_report_download/historic_analysis_report_gw_2023-11-02.xlsx
2023-11-02 10:59:58.649 | INFO     | historic_generate_excel_file_gw:historic_analysis:66 - File was uploaded successfully Please wait 0.4 minutes while processing data
2023-11-02 11:02:58.031 | INFO     | historic_generate_excel_file_gw:historic_analysis:66 - File was uploaded successfully Please wait 0.4 minutes while processing data
2023-11-02 11:03:01.424 | INFO     | historic_generate_excel_file_gw:historic_analysis:263 - File is created at /home/smartiam/PycharmProjects/Schedule-email-for-gateway/historic_report_download/historic_analysis_report_gw_2023-11-02.xlsx
2023-11-02 11:03:32.739 | INFO     | historic_generate_excel_file_gw:historic_analysis:66 - File was uploaded successfully Please wait 0.4 minutes while processing data
2023-11-02 11:06:33.489 | INFO     | historic_generate_excel_file_gw:historic_analysis:66 - File was uploaded successfully Please wait 0.4 minutes while processing data
2023-11-02 11:06:38.272 | INFO     | historic_generate_excel_file_gw:historic_analysis:263 - File is created at /home/smartiam/PycharmProjects/Schedule-email-for-gateway/historic_report_download/historic_analysis_report_gw_2023-11-02.xlsx
2023-11-02 11:08:33.168 | INFO     | historic_generate_excel_file_gw:historic_analysis:66 - File was uploaded successfully Please wait 1.4 minutes while processing data
2023-11-02 11:08:49.540 | INFO     | historic_generate_excel_file_gw:historic_analysis:263 - File is created at /home/smartiam/PycharmProjects/Schedule-email-for-gateway/historic_report_download/historic_analysis_report_gw_2023-11-02.xlsx
2023-11-02 11:23:45.021 | INFO     | historic_generate_excel_file_gw:historic_analysis:66 - File was uploaded successfully Please wait 1.4 minutes while processing data
2023-11-02 11:23:59.780 | INFO     | historic_generate_excel_file_gw:historic_analysis:274 - File is created at /home/smartiam/PycharmProjects/Schedule-email-for-gateway/historic_report_download/historic_analysis_report_gw_2023-11-02.xlsx
2023-11-02 11:24:53.974 | INFO     | historic_generate_excel_file_gw:historic_analysis:66 - File was uploaded successfully Please wait 5.0 minutes while processing data
2023-11-02 11:25:32.765 | INFO     | historic_generate_excel_file_gw:historic_analysis:274 - File is created at /home/smartiam/PycharmProjects/Schedule-email-for-gateway/historic_report_download/historic_analysis_report_gw_2023-11-02.xlsx
2023-11-02 11:27:06.043 | INFO     | historic_generate_excel_file_gw:historic_analysis:66 - File was uploaded successfully Please wait 8.8 minutes while processing data
2023-11-02 11:28:11.434 | INFO     | historic_generate_excel_file_gw:historic_analysis:274 - File is created at /home/smartiam/PycharmProjects/Schedule-email-for-gateway/historic_report_download/historic_analysis_report_gw_2023-11-02.xlsx
2023-11-02 11:29:35.204 | INFO     | historic_generate_excel_file_gw:historic_analysis:66 - File was uploaded successfully Please wait 8.8 minutes while processing data
2023-11-02 11:30:46.226 | ERROR    | historic_generate_excel_file_gw:historic_analysis:276 - Row or column values must be at least 1
2023-11-02 11:30:46.226 | ERROR    | historic_generate_excel_file_gw:historic_analysis:277 - UNSUCCESSFUL
2023-11-02 11:31:10.719 | INFO     | historic_generate_excel_file_gw:historic_analysis:66 - File was uploaded successfully Please wait 8.8 minutes while processing data
2023-11-02 11:32:18.250 | INFO     | historic_generate_excel_file_gw:historic_analysis:274 - File is created at /home/smartiam/PycharmProjects/Schedule-email-for-gateway/historic_report_download/historic_analysis_report_gw_2023-11-02.xlsx
2023-11-02 11:39:08.116 | INFO     | historic_generate_excel_file_gw:historic_analysis:66 - File was uploaded successfully Please wait approximately 5.416666666666667 minutes while processing data
2023-11-02 11:39:34.035 | INFO     | historic_generate_excel_file_gw:historic_analysis:66 - File was uploaded successfully Please wait approximately 5 minutes while processing data
2023-11-02 11:39:52.453 | INFO     | historic_generate_excel_file_gw:historic_analysis:66 - File was uploaded successfully Please wait approximately 5 minutes while processing data
2023-11-02 11:43:36.810 | INFO     | historic_generate_excel_file_gw:historic_analysis:274 - File is created at /home/smartiam/PycharmProjects/Schedule-email-for-gateway/historic_report_download/historic_analysis_report_gw_2023-11-02.xlsx
2023-11-02 14:44:48.646 | INFO     | historic_generate_excel_file_gw:historic_analysis:86 - File was uploaded successfully Please wait approximately 0 minutes while processing data
2023-11-02 15:18:32.353 | INFO     | historic_generate_excel_file_gw:historic_analysis:90 - File was uploaded successfully Please wait approximately 0 minutes while processing data
2023-11-02 15:18:37.018 | INFO     | historic_generate_excel_file_gw:historic_analysis:301 - File is created at /home/smartiam/PycharmProjects/Schedule-email-for-gateway/historic_report_download/historic_analysis_report_gw_2023-11-02.xlsx
2023-11-02 15:22:41.340 | INFO     | historic_generate_excel_file_gw:historic_analysis:90 - File was uploaded successfully Please wait approximately 0 minutes while processing data
2023-11-02 15:22:44.844 | INFO     | historic_generate_excel_file_gw:historic_analysis:301 - File is created at /home/smartiam/PycharmProjects/Schedule-email-for-gateway/historic_report_download/historic_analysis_report_gw_2023-11-02.xlsx
2023-11-02 15:22:51.752 | INFO     | historic_generate_excel_file_gw:historic_analysis:90 - File was uploaded successfully Please wait approximately 0 minutes while processing data
2023-11-02 15:22:55.529 | INFO     | historic_generate_excel_file_gw:historic_analysis:301 - File is created at /home/smartiam/PycharmProjects/Schedule-email-for-gateway/historic_report_download/historic_analysis_report_gw_2023-11-02.xlsx
2023-11-02 15:23:57.860 | INFO     | historic_generate_excel_file_gw:historic_analysis:90 - File was uploaded successfully Please wait approximately 0 minutes while processing data
2023-11-02 15:26:18.782 | INFO     | historic_generate_excel_file_gw:historic_analysis:301 - File is created at /home/smartiam/PycharmProjects/Schedule-email-for-gateway/historic_report_download/historic_analysis_report_gw_2023-11-02.xlsx
2023-11-02 15:26:31.041 | INFO     | historic_generate_excel_file_gw:historic_analysis:90 - File was uploaded successfully Please wait approximately 0 minutes while processing data
2023-11-02 15:26:36.150 | INFO     | historic_generate_excel_file_gw:historic_analysis:301 - File is created at /home/smartiam/PycharmProjects/Schedule-email-for-gateway/historic_report_download/historic_analysis_report_gw_2023-11-02.xlsx
2023-11-02 15:30:25.702 | INFO     | historic_generate_excel_file_gw:historic_analysis:90 - File was uploaded successfully Please wait approximately 5 minutes while processing data
2023-11-02 15:30:58.806 | INFO     | historic_generate_excel_file_gw:historic_analysis:90 - File was uploaded successfully Please wait approximately 5 minutes while processing data
2023-11-02 15:36:04.306 | INFO     | historic_generate_excel_file_gw:historic_analysis:301 - File is created at /home/smartiam/PycharmProjects/Schedule-email-for-gateway/historic_report_download/historic_analysis_report_gw_2023-11-02.xlsx
2023-11-02 15:49:33.264 | INFO     | historic_generate_excel_file_gw:historic_analysis:91 - File was uploaded successfully Please wait approximately 6 minutes while processing data
2023-11-02 15:49:48.179 | INFO     | historic_generate_excel_file_gw:historic_analysis:91 - File was uploaded successfully Please wait approximately 6 minutes while processing data
2023-11-02 15:55:20.993 | INFO     | historic_generate_excel_file_gw:historic_analysis:302 - File is created at /home/smartiam/PycharmProjects/Schedule-email-for-gateway/historic_report_download/historic_analysis_report_gw_2023-11-02.xlsx
2023-11-02 16:13:50.843 | INFO     | historic_generate_excel_file_gw:historic_analysis:89 - File was uploaded successfully Please wait approximately 9 minutes while processing data
2023-11-02 16:19:21.937 | INFO     | historic_generate_excel_file_gw:historic_analysis:308 - File is created at /home/smartiam/PycharmProjects/Schedule-email-for-gateway/historic_report_download/historic_analysis_report_gw_2023-11-02.xlsx
2023-11-02 16:22:17.844 | INFO     | historic_generate_excel_file_gw:historic_analysis:89 - File was uploaded successfully Please wait approximately 9 minutes while processing data
2023-11-02 16:30:53.235 | INFO     | historic_generate_excel_file_gw:historic_analysis:308 - File is created at /home/smartiam/PycharmProjects/Schedule-email-for-gateway/historic_report_download/historic_analysis_report_gw_2023-11-02.xlsx
2023-11-02 17:21:47.319 | INFO     | generate_excel_file_gw:analysis:117 - File was uploaded successfully Please wait 0 minutes while processing data
2023-11-02 17:22:14.597 | INFO     | generate_excel_file_gw:analysis:307 - File is created at /home/smartiam/PycharmProjects/Schedule-email-for-gateway/download/gw_analysis_info_2023-11-02.xlsx
2023-11-02 17:22:14.598 | INFO     | historic_generate_excel_file_gw:historic_analysis:89 - File was uploaded successfully Please wait approximately 0 minutes while processing historic data
2023-11-02 17:22:25.325 | INFO     | historic_generate_excel_file_gw:historic_analysis:308 - File is created at /home/smartiam/PycharmProjects/Schedule-email-for-gateway/historic_report_download/historic_analysis_report_gw_2023-11-02.xlsx
2023-11-02 17:22:30.328 | INFO     | email_service:send_mail:11 - Email writing work in progress..!
2023-11-02 17:22:33.595 | INFO     | email_service:send_mail:53 - Email sent successfully
2023-11-02 17:37:29.007 | INFO     | historic_generate_excel_file_gw:historic_analysis:89 - File was uploaded successfully Please wait approximately 0.16666666666666666 minutes while processing historic data
2023-11-02 17:42:01.394 | INFO     | historic_generate_excel_file_gw:historic_analysis:89 - File was uploaded successfully Please wait approximately 0.16666666666666666 minutes while processing historic data
2023-11-02 18:01:30.522 | INFO     | historic_generate_excel_file_gw:historic_analysis:89 - File was uploaded successfully Please wait approximately 0.16666666666666666 minutes while processing historic data
2023-11-02 18:20:20.548 | INFO     | historic_generate_excel_file_gw:historic_analysis:91 - File was uploaded successfully Please wait approximately 0.16666666666666666 minutes while processing historic data
2023-11-02 18:20:31.879 | INFO     | historic_generate_excel_file_gw:historic_analysis:323 - File is created at /home/smartiam/PycharmProjects/Schedule-email-for-gateway/historic_report_download/historic_analysis_report_gw_2023-11-02.xlsx
2023-11-02 18:22:14.073 | INFO     | historic_generate_excel_file_gw:historic_analysis:91 - File was uploaded successfully Please wait approximately 0.17 minutes while processing historic data
2023-11-02 18:22:24.418 | INFO     | historic_generate_excel_file_gw:historic_analysis:323 - File is created at /home/smartiam/PycharmProjects/Schedule-email-for-gateway/historic_report_download/historic_analysis_report_gw_2023-11-02.xlsx
2023-11-02 18:25:29.189 | INFO     | generate_excel_file_gw:analysis:117 - File was uploaded successfully Please wait 26.0 minutes while processing data
2023-11-02 18:26:01.692 | INFO     | generate_excel_file_gw:analysis:117 - File was uploaded successfully Please wait 0.4 minutes while processing data
2023-11-02 18:26:24.307 | INFO     | generate_excel_file_gw:analysis:307 - File is created at /home/smartiam/PycharmProjects/Schedule-email-for-gateway/download/gw_analysis_info_2023-11-02.xlsx
2023-11-02 18:26:26.310 | INFO     | historic_generate_excel_file_gw:historic_analysis:91 - File was uploaded successfully Please wait approximately 0.17 minutes while processing historic data
2023-11-02 18:26:36.969 | INFO     | historic_generate_excel_file_gw:historic_analysis:323 - File is created at /home/smartiam/PycharmProjects/Schedule-email-for-gateway/historic_report_download/historic_analysis_report_gw_2023-11-02.xlsx
2023-11-02 18:26:41.975 | INFO     | email_service:send_mail:11 - Email writing work in progress..!
2023-11-02 18:26:44.962 | INFO     | email_service:send_mail:53 - Email sent successfully
